C251 COMPILER V5.60.0,  main                                                               25/06/23  18:35:09  PAGE 1   


C251 COMPILER V5.60.0, COMPILATION OF MODULE main
OBJECT MODULE PLACED IN .\Out_File\main.obj
COMPILER INVOKED BY: D:\Keil_v5\C251\BIN\C251.EXE ..\USER\src\main.c XSMALL WARNINGLEVEL(0) BROWSE INCDIR(..\..\Librarie
                    -s\libraries;..\..\Libraries\seekfree_libraries;..\..\Libraries\seekfree_peripheral;..\CODE;..\USER\inc;..\USER\src;..\..
                    -\..\DIANCI;..\..\..\..\18--------) DEBUG PRINT(.\Out_File\main.lst) TABS(2) OBJECT(.\Out_File\main.obj) 

stmt  level    source

    1          /*
    2           * @Author: lanchanghai
    3           * @Date: 2023-06-09 22:32:02
    4           * @LastEditors: lanchanghai
    5           * @LastEditTime: 2023-06-11 00:22:22
    6           * @FilePath: \DIANCI\Project\USER\src\main.c
    7           */
    8          /********************************************************************************************************
             -*************
    9           * COPYRIGHT NOTICE
   10           * Copyright (c) 2020,逐飞科技
   11           * All rights reserved.
   12           * 技术讨论QQ群：一群：179029047(已满)  二群：244861897(已满)  三群：824575535
   13           *
   14           * 以下所有内容版权均属逐飞科技所有，未经允许不得用于商业用途，
   15           * 欢迎各位使用并传播本程序，修改内容时必须保留逐飞科技的版权声明。
   16           *
   17           * @file          main
   18           * @company       成都逐飞科技有限公司
   19           * @author        逐飞科技(QQ790875685)
   20           * @version       查看doc内version文件 版本说明
   21           * @Software    MDK FOR C251 V5.60
   22           * @Target core   STC32G12K128
   23           * @Taobao      https://seekfree.taobao.com/
   24           * @date          2020-12-18
   25           ********************************************************************************************************
             -************/
   26          
   27          #include "headfile.h"
   28          
   29          
   30          /*
   31           * 系统频率，可查看board.h中的 FOSC 宏定义修改。 // ????0??????
   32           * board.h文件中FOSC的值设置为0,则程序自动设置系统频率为33.1776MHZ
   33           * 在board_init中,已经将P54引脚设置为复位
   34           * 如果需要使用P54引脚,可以在board.c文件中的board_init()函数中删除SET_P54_RESRT即可
   35           */
   36          void main()
   37           {
   38   1        board_init();     // 初始化寄存器,勿删除此句代码。
   39   1        Use_adc_Init();
   40   1        DMA_config();
   41   1        EnableGlobalIRQ();
   42   1        
   43   1        OLED_Init();        //初始化OLED
   44   1        OLED_Clear();
   45   1        OLED_DisPlay_On();          //初始化LED
   46   1       
   47   1         while(1)
   48   1        { 
   49   2            
   50   2           // 此处编写需要循环执行的代码
   51   2          shuju_adc();
   52   2          
   53   2           delay_ms(200); //200ms输出一次采样结果，方便观察
   54   2          OLED_Refresh();
   55   2          
C251 COMPILER V5.60.0,  main                                                               25/06/23  18:35:09  PAGE 2   

   56   2         }
   57   1       }
   58             
   59          
   60          
   61          //Use_adc_Init();
   62          //  DMA_config();
   63          //  EnableGlobalIRQ();   
   64          //    while(1)
   65          //  {
   66          //    uint8 i,n;
   67          //     // 此处编写需要循环执行的代码
   68          //     delay_ms(200); //200ms输出一次采样结果，方便观察
   69          //    
   70          //    if(DmaADCFlag)  //判断ADC DMA采样是否完成
   71          //    {
   72          //      DmaADCFlag = 0; //清除完成标志
   73          //      for(i=0; i<ADC_CH; i++)     //打印每个设置通道的采样结果
   74          //      {
   75          //        printf("%d:",i);
   76          //        for(n=0; n<ADC_DATA; n++)   //打印当前通道的采样数据
   77          //        {
   78          //          printf("%02d ",DmaAdBuffer[i][n]);  //第1组数据,...,第n组数据,AD通道,平均余数,平均值
   79          //        }
   80          //        
   81          //        printf("\r\n"); //串口输出回车换行符
   82          //      }
   83          //      printf("\r\n");     //串口输出回车换行符
   84          //      DMA_ADC_TRIG();   //重新触发启动下一次转换
   85          //    }
   86          //    
   87          //    }
   88          
   89          
   90          
   91             //   gpio_mode(INT0_P32,GPI_IMPEDANCE);
   92            //   exit_init(INT0_P32,FALLING_EDGE);   //初始化P32 作为外部中断引脚
   93            //     motor_init();
   94            //     pwm_init(PWMB_CH3_P22 , 50,3390 );     //初始化PWMA  使用引脚P7.4  输出PWM频率50HZ   占空比为百分
             -之 pwm_duty / PWM_DUTY_MAX * 100
   95          
   96          /****************************test DMA_ADC*********************************/
   97          // void main()
   98          // {
   99          //  board_init();     // 初始化寄存器,勿删除此句代码。
  100          //  Use_adc_Init();
  101          //  DMA_config();
  102          //  EnableGlobalIRQ();
  103            
  104          //  OLED_Init();        //初始化OLED
  105          //  OLED_Clear();
  106          //  OLED_DisPlay_On();          //初始化LED
  107           
  108          //   while(1)
  109          //  { 
  110                
  111          //     // 此处编写需要循环执行的代码
  112          //    shuju_adc();
  113              
  114          //     delay_ms(200); //200ms输出一次采样结果，方便观察
  115          //    OLED_Refresh();
  116              
  117          //   }
  118          // }
  119          
  120          
C251 COMPILER V5.60.0,  main                                                               25/06/23  18:35:09  PAGE 3   

  121          //void main()
  122          // {
  123          //  board_init();     // 初始化寄存器,勿删除此句代码。
  124          //  Use_adc_Init();
  125          //  DMA_config();
  126          //  EnableGlobalIRQ();
  127          //  
  128          //  OLED_Init();        //初始化OLED
  129          //  OLED_Clear();
  130          //  OLED_DisPlay_On();          //初始化LED
  131          // 
  132          //   while(1)
  133          //  { 
  134          //      
  135          //     // 此处编写需要循环执行的代码
  136          //    shuju_adc();
  137          //    
  138          //     delay_ms(200); //200ms输出一次采样结果，方便观察
  139          //    OLED_Refresh();
  140          //    
  141          //   }
  142          // }
  143          
  144          
  145          
  146          
  147          
  148          


Module Information          Static   Overlayable
------------------------------------------------
  code size            =        36     ------
  ecode size           =    ------     ------
  data size            =    ------     ------
  idata size           =    ------     ------
  pdata size           =    ------     ------
  xdata size           =    ------     ------
  xdata-const size     =    ------     ------
  edata size           =    ------     ------
  bit size             =    ------     ------
  ebit size            =    ------     ------
  bitaddressable size  =    ------     ------
  ebitaddressable size =    ------     ------
  far data size        =    ------     ------
  huge data size       =    ------     ------
  const size           =    ------     ------
  hconst size          =    ------     ------
End of Module Information.


C251 COMPILATION COMPLETE.  0 WARNING(S),  0 ERROR(S)
